[2.073s] Invoking command in '/home/starchdev/ros2_ws/src/my_py_pkg': DEBUGINFOD_URLS=https://debuginfod.ubuntu.com PYTHONPATH=/home/starchdev/ros2_ws/build/my_py_pkg/prefix_override:/usr/lib/python3/dist-packages/colcon_core/task/python/colcon_distutils_commands:/home/starchdev/ros2_ws/install/my_py_pkg/lib/python3.12/site-packages:${PYTHONPATH} /usr/bin/python3 -W ignore:setup.py install is deprecated -W ignore:easy_install command is deprecated setup.py egg_info --egg-base ../../build/my_py_pkg build --build-base /home/starchdev/ros2_ws/build/my_py_pkg/build install --record /home/starchdev/ros2_ws/build/my_py_pkg/install.log --single-version-externally-managed install_data
[2.595s] running egg_info
[2.635s] writing ../../build/my_py_pkg/my_py_pkg.egg-info/PKG-INFO
[2.639s] writing dependency_links to ../../build/my_py_pkg/my_py_pkg.egg-info/dependency_links.txt
[2.640s] writing entry points to ../../build/my_py_pkg/my_py_pkg.egg-info/entry_points.txt
[2.640s] writing requirements to ../../build/my_py_pkg/my_py_pkg.egg-info/requires.txt
[2.640s] writing top-level names to ../../build/my_py_pkg/my_py_pkg.egg-info/top_level.txt
[2.720s] reading manifest file '../../build/my_py_pkg/my_py_pkg.egg-info/SOURCES.txt'
[2.722s] writing manifest file '../../build/my_py_pkg/my_py_pkg.egg-info/SOURCES.txt'
[2.722s] running build
[2.722s] running build_py
[2.723s] copying my_py_pkg/my_first_node.py -> /home/starchdev/ros2_ws/build/my_py_pkg/build/lib/my_py_pkg
[2.724s] running install
[2.736s] running install_lib
[2.776s] copying /home/starchdev/ros2_ws/build/my_py_pkg/build/lib/my_py_pkg/my_first_node.py -> /home/starchdev/ros2_ws/install/my_py_pkg/lib/python3.12/site-packages/my_py_pkg
[2.778s] byte-compiling /home/starchdev/ros2_ws/install/my_py_pkg/lib/python3.12/site-packages/my_py_pkg/my_first_node.py to my_first_node.cpython-312.pyc
[2.778s] running install_data
[2.779s] running install_egg_info
[2.822s] removing '/home/starchdev/ros2_ws/install/my_py_pkg/lib/python3.12/site-packages/my_py_pkg-0.0.0-py3.12.egg-info' (and everything under it)
[2.824s] Copying ../../build/my_py_pkg/my_py_pkg.egg-info to /home/starchdev/ros2_ws/install/my_py_pkg/lib/python3.12/site-packages/my_py_pkg-0.0.0-py3.12.egg-info
[2.825s] running install_scripts
[3.089s] Installing test_node script to /home/starchdev/ros2_ws/install/my_py_pkg/lib/my_py_pkg
[3.094s] writing list of installed files to '/home/starchdev/ros2_ws/build/my_py_pkg/install.log'
[3.169s] Invoked command in '/home/starchdev/ros2_ws/src/my_py_pkg' returned '0': DEBUGINFOD_URLS=https://debuginfod.ubuntu.com PYTHONPATH=/home/starchdev/ros2_ws/build/my_py_pkg/prefix_override:/usr/lib/python3/dist-packages/colcon_core/task/python/colcon_distutils_commands:/home/starchdev/ros2_ws/install/my_py_pkg/lib/python3.12/site-packages:${PYTHONPATH} /usr/bin/python3 -W ignore:setup.py install is deprecated -W ignore:easy_install command is deprecated setup.py egg_info --egg-base ../../build/my_py_pkg build --build-base /home/starchdev/ros2_ws/build/my_py_pkg/build install --record /home/starchdev/ros2_ws/build/my_py_pkg/install.log --single-version-externally-managed install_data
