[1.702s] Invoking command in '/home/starchdev/ros2_ws/src/my_py_pkg': DEBUGINFOD_URLS=https://debuginfod.ubuntu.com PYTHONPATH=/home/starchdev/ros2_ws/build/my_py_pkg/prefix_override:/usr/lib/python3/dist-packages/colcon_core/task/python/colcon_distutils_commands:/home/starchdev/ros2_ws/install/my_py_pkg/lib/python3.12/site-packages:${PYTHONPATH} /usr/bin/python3 -W ignore:setup.py install is deprecated -W ignore:easy_install command is deprecated setup.py egg_info --egg-base ../../build/my_py_pkg build --build-base /home/starchdev/ros2_ws/build/my_py_pkg/build install --record /home/starchdev/ros2_ws/build/my_py_pkg/install.log --single-version-externally-managed install_data
[2.249s] running egg_info
[2.290s] writing ../../build/my_py_pkg/my_py_pkg.egg-info/PKG-INFO
[2.293s] writing dependency_links to ../../build/my_py_pkg/my_py_pkg.egg-info/dependency_links.txt
[2.294s] writing entry points to ../../build/my_py_pkg/my_py_pkg.egg-info/entry_points.txt
[2.294s] writing requirements to ../../build/my_py_pkg/my_py_pkg.egg-info/requires.txt
[2.295s] writing top-level names to ../../build/my_py_pkg/my_py_pkg.egg-info/top_level.txt
[2.384s] reading manifest file '../../build/my_py_pkg/my_py_pkg.egg-info/SOURCES.txt'
[2.386s] writing manifest file '../../build/my_py_pkg/my_py_pkg.egg-info/SOURCES.txt'
[2.386s] running build
[2.386s] running build_py
[2.388s] copying my_py_pkg/first_node.py -> /home/starchdev/ros2_ws/build/my_py_pkg/build/lib/my_py_pkg
[2.389s] copying my_py_pkg/node_oop_template.py -> /home/starchdev/ros2_ws/build/my_py_pkg/build/lib/my_py_pkg
[2.389s] copying my_py_pkg/second_node.py -> /home/starchdev/ros2_ws/build/my_py_pkg/build/lib/my_py_pkg
[2.390s] running install
[2.404s] running install_lib
[2.448s] copying /home/starchdev/ros2_ws/build/my_py_pkg/build/lib/my_py_pkg/first_node.py -> /home/starchdev/ros2_ws/install/my_py_pkg/lib/python3.12/site-packages/my_py_pkg
[2.448s] copying /home/starchdev/ros2_ws/build/my_py_pkg/build/lib/my_py_pkg/node_oop_template.py -> /home/starchdev/ros2_ws/install/my_py_pkg/lib/python3.12/site-packages/my_py_pkg
[2.449s] copying /home/starchdev/ros2_ws/build/my_py_pkg/build/lib/my_py_pkg/second_node.py -> /home/starchdev/ros2_ws/install/my_py_pkg/lib/python3.12/site-packages/my_py_pkg
[2.450s] byte-compiling /home/starchdev/ros2_ws/install/my_py_pkg/lib/python3.12/site-packages/my_py_pkg/first_node.py to first_node.cpython-312.pyc
[2.451s] byte-compiling /home/starchdev/ros2_ws/install/my_py_pkg/lib/python3.12/site-packages/my_py_pkg/node_oop_template.py to node_oop_template.cpython-312.pyc
[2.451s] byte-compiling /home/starchdev/ros2_ws/install/my_py_pkg/lib/python3.12/site-packages/my_py_pkg/second_node.py to second_node.cpython-312.pyc
[2.452s] running install_data
[2.453s] running install_egg_info
[2.498s] removing '/home/starchdev/ros2_ws/install/my_py_pkg/lib/python3.12/site-packages/my_py_pkg-0.0.0-py3.12.egg-info' (and everything under it)
[2.498s] Copying ../../build/my_py_pkg/my_py_pkg.egg-info to /home/starchdev/ros2_ws/install/my_py_pkg/lib/python3.12/site-packages/my_py_pkg-0.0.0-py3.12.egg-info
[2.500s] running install_scripts
[2.770s] Installing test_node_first script to /home/starchdev/ros2_ws/install/my_py_pkg/lib/my_py_pkg
[2.774s] Installing test_node_second script to /home/starchdev/ros2_ws/install/my_py_pkg/lib/my_py_pkg
[2.775s] writing list of installed files to '/home/starchdev/ros2_ws/build/my_py_pkg/install.log'
[2.847s] Invoked command in '/home/starchdev/ros2_ws/src/my_py_pkg' returned '0': DEBUGINFOD_URLS=https://debuginfod.ubuntu.com PYTHONPATH=/home/starchdev/ros2_ws/build/my_py_pkg/prefix_override:/usr/lib/python3/dist-packages/colcon_core/task/python/colcon_distutils_commands:/home/starchdev/ros2_ws/install/my_py_pkg/lib/python3.12/site-packages:${PYTHONPATH} /usr/bin/python3 -W ignore:setup.py install is deprecated -W ignore:easy_install command is deprecated setup.py egg_info --egg-base ../../build/my_py_pkg build --build-base /home/starchdev/ros2_ws/build/my_py_pkg/build install --record /home/starchdev/ros2_ws/build/my_py_pkg/install.log --single-version-externally-managed install_data
