[0.279s] DEBUG:colcon:Command line arguments: ['/usr/bin/colcon', 'build', '--packages-select', 'my_robot_interfaces']
[0.279s] DEBUG:colcon:Parsed command line arguments: Namespace(log_base=None, log_level=None, verb_name='build', build_base='build', install_base='install', merge_install=False, symlink_install=False, test_result_base=None, continue_on_error=False, executor='parallel', parallel_workers=2, event_handlers=None, ignore_user_meta=False, metas=['./colcon.meta'], base_paths=['.'], packages_ignore=None, packages_ignore_regex=None, paths=None, packages_up_to=None, packages_up_to_regex=None, packages_above=None, packages_above_and_dependencies=None, packages_above_depth=None, packages_select_by_dep=None, packages_skip_by_dep=None, packages_skip_up_to=None, packages_select_build_failed=False, packages_skip_build_finished=False, packages_select_test_failures=False, packages_skip_test_passed=False, packages_select=['my_robot_interfaces'], packages_skip=None, packages_select_regex=None, packages_skip_regex=None, packages_start=None, packages_end=None, cmake_args=None, cmake_target=None, cmake_target_skip_unavailable=False, cmake_clean_cache=False, cmake_clean_first=False, cmake_force_configure=False, ament_cmake_args=None, catkin_cmake_args=None, catkin_skip_building_tests=False, verb_parser=<colcon_defaults.argument_parser.defaults.DefaultArgumentsDecorator object at 0x784082eeade0>, verb_extension=<colcon_core.verb.build.BuildVerb object at 0x784082e2f830>, main=<bound method BuildVerb.main of <colcon_core.verb.build.BuildVerb object at 0x784082e2f830>>)
[0.386s] Level 1:colcon.colcon_core.package_discovery:discover_packages(colcon_meta) check parameters
[0.387s] Level 1:colcon.colcon_core.package_discovery:discover_packages(recursive) check parameters
[0.387s] Level 1:colcon.colcon_core.package_discovery:discover_packages(ignore) check parameters
[0.387s] Level 1:colcon.colcon_core.package_discovery:discover_packages(path) check parameters
[0.387s] Level 1:colcon.colcon_core.package_discovery:discover_packages(colcon_meta) discover
[0.387s] Level 1:colcon.colcon_core.package_discovery:discover_packages(recursive) discover
[0.387s] INFO:colcon.colcon_core.package_discovery:Crawling recursively for packages in '/home/starchdev/ros2_ws'
[0.387s] Level 1:colcon.colcon_core.package_identification:_identify(.) by extensions ['ignore', 'ignore_ament_install']
[0.387s] Level 1:colcon.colcon_core.package_identification:_identify(.) by extension 'ignore'
[0.387s] Level 1:colcon.colcon_core.package_identification:_identify(.) by extension 'ignore_ament_install'
[0.388s] Level 1:colcon.colcon_core.package_identification:_identify(.) by extensions ['colcon_pkg']
[0.388s] Level 1:colcon.colcon_core.package_identification:_identify(.) by extension 'colcon_pkg'
[0.388s] Level 1:colcon.colcon_core.package_identification:_identify(.) by extensions ['colcon_meta']
[0.388s] Level 1:colcon.colcon_core.package_identification:_identify(.) by extension 'colcon_meta'
[0.388s] Level 1:colcon.colcon_core.package_identification:_identify(.) by extensions ['ros']
[0.388s] Level 1:colcon.colcon_core.package_identification:_identify(.) by extension 'ros'
[0.449s] Level 1:colcon.colcon_core.package_identification:_identify(.) by extensions ['cmake', 'python']
[0.449s] Level 1:colcon.colcon_core.package_identification:_identify(.) by extension 'cmake'
[0.449s] Level 1:colcon.colcon_core.package_identification:_identify(.) by extension 'python'
[0.449s] Level 1:colcon.colcon_core.package_identification:_identify(.) by extensions ['python_setup_py']
[0.449s] Level 1:colcon.colcon_core.package_identification:_identify(.) by extension 'python_setup_py'
[0.449s] Level 1:colcon.colcon_core.package_identification:_identify(build) by extensions ['ignore', 'ignore_ament_install']
[0.449s] Level 1:colcon.colcon_core.package_identification:_identify(build) by extension 'ignore'
[0.449s] Level 1:colcon.colcon_core.package_identification:_identify(build) ignored
[0.450s] Level 1:colcon.colcon_core.package_identification:_identify(install) by extensions ['ignore', 'ignore_ament_install']
[0.450s] Level 1:colcon.colcon_core.package_identification:_identify(install) by extension 'ignore'
[0.450s] Level 1:colcon.colcon_core.package_identification:_identify(install) ignored
[0.450s] Level 1:colcon.colcon_core.package_identification:_identify(log) by extensions ['ignore', 'ignore_ament_install']
[0.450s] Level 1:colcon.colcon_core.package_identification:_identify(log) by extension 'ignore'
[0.450s] Level 1:colcon.colcon_core.package_identification:_identify(log) ignored
[0.451s] Level 1:colcon.colcon_core.package_identification:_identify(src) by extensions ['ignore', 'ignore_ament_install']
[0.451s] Level 1:colcon.colcon_core.package_identification:_identify(src) by extension 'ignore'
[0.451s] Level 1:colcon.colcon_core.package_identification:_identify(src) by extension 'ignore_ament_install'
[0.451s] Level 1:colcon.colcon_core.package_identification:_identify(src) by extensions ['colcon_pkg']
[0.451s] Level 1:colcon.colcon_core.package_identification:_identify(src) by extension 'colcon_pkg'
[0.451s] Level 1:colcon.colcon_core.package_identification:_identify(src) by extensions ['colcon_meta']
[0.451s] Level 1:colcon.colcon_core.package_identification:_identify(src) by extension 'colcon_meta'
[0.452s] Level 1:colcon.colcon_core.package_identification:_identify(src) by extensions ['ros']
[0.452s] Level 1:colcon.colcon_core.package_identification:_identify(src) by extension 'ros'
[0.452s] Level 1:colcon.colcon_core.package_identification:_identify(src) by extensions ['cmake', 'python']
[0.452s] Level 1:colcon.colcon_core.package_identification:_identify(src) by extension 'cmake'
[0.452s] Level 1:colcon.colcon_core.package_identification:_identify(src) by extension 'python'
[0.452s] Level 1:colcon.colcon_core.package_identification:_identify(src) by extensions ['python_setup_py']
[0.452s] Level 1:colcon.colcon_core.package_identification:_identify(src) by extension 'python_setup_py'
[0.453s] Level 1:colcon.colcon_core.package_identification:_identify(src/my_cpp_pkg) by extensions ['ignore', 'ignore_ament_install']
[0.453s] Level 1:colcon.colcon_core.package_identification:_identify(src/my_cpp_pkg) by extension 'ignore'
[0.453s] Level 1:colcon.colcon_core.package_identification:_identify(src/my_cpp_pkg) by extension 'ignore_ament_install'
[0.453s] Level 1:colcon.colcon_core.package_identification:_identify(src/my_cpp_pkg) by extensions ['colcon_pkg']
[0.453s] Level 1:colcon.colcon_core.package_identification:_identify(src/my_cpp_pkg) by extension 'colcon_pkg'
[0.454s] Level 1:colcon.colcon_core.package_identification:_identify(src/my_cpp_pkg) by extensions ['colcon_meta']
[0.454s] Level 1:colcon.colcon_core.package_identification:_identify(src/my_cpp_pkg) by extension 'colcon_meta'
[0.454s] Level 1:colcon.colcon_core.package_identification:_identify(src/my_cpp_pkg) by extensions ['ros']
[0.454s] Level 1:colcon.colcon_core.package_identification:_identify(src/my_cpp_pkg) by extension 'ros'
[0.459s] DEBUG:colcon.colcon_core.package_identification:Package 'src/my_cpp_pkg' with type 'ros.ament_cmake' and name 'my_cpp_pkg'
[0.460s] Level 1:colcon.colcon_core.package_identification:_identify(src/my_py_pkg) by extensions ['ignore', 'ignore_ament_install']
[0.460s] Level 1:colcon.colcon_core.package_identification:_identify(src/my_py_pkg) by extension 'ignore'
[0.460s] Level 1:colcon.colcon_core.package_identification:_identify(src/my_py_pkg) by extension 'ignore_ament_install'
[0.460s] Level 1:colcon.colcon_core.package_identification:_identify(src/my_py_pkg) by extensions ['colcon_pkg']
[0.460s] Level 1:colcon.colcon_core.package_identification:_identify(src/my_py_pkg) by extension 'colcon_pkg'
[0.461s] Level 1:colcon.colcon_core.package_identification:_identify(src/my_py_pkg) by extensions ['colcon_meta']
[0.461s] Level 1:colcon.colcon_core.package_identification:_identify(src/my_py_pkg) by extension 'colcon_meta'
[0.461s] Level 1:colcon.colcon_core.package_identification:_identify(src/my_py_pkg) by extensions ['ros']
[0.461s] Level 1:colcon.colcon_core.package_identification:_identify(src/my_py_pkg) by extension 'ros'
[0.462s] DEBUG:colcon.colcon_core.package_identification:Package 'src/my_py_pkg' with type 'ros.ament_python' and name 'my_py_pkg'
[0.462s] Level 1:colcon.colcon_core.package_identification:_identify(src/my_robot_interfaces) by extensions ['ignore', 'ignore_ament_install']
[0.462s] Level 1:colcon.colcon_core.package_identification:_identify(src/my_robot_interfaces) by extension 'ignore'
[0.462s] Level 1:colcon.colcon_core.package_identification:_identify(src/my_robot_interfaces) by extension 'ignore_ament_install'
[0.463s] Level 1:colcon.colcon_core.package_identification:_identify(src/my_robot_interfaces) by extensions ['colcon_pkg']
[0.463s] Level 1:colcon.colcon_core.package_identification:_identify(src/my_robot_interfaces) by extension 'colcon_pkg'
[0.463s] Level 1:colcon.colcon_core.package_identification:_identify(src/my_robot_interfaces) by extensions ['colcon_meta']
[0.463s] Level 1:colcon.colcon_core.package_identification:_identify(src/my_robot_interfaces) by extension 'colcon_meta'
[0.463s] Level 1:colcon.colcon_core.package_identification:_identify(src/my_robot_interfaces) by extensions ['ros']
[0.463s] Level 1:colcon.colcon_core.package_identification:_identify(src/my_robot_interfaces) by extension 'ros'
[0.464s] DEBUG:colcon.colcon_core.package_identification:Package 'src/my_robot_interfaces' with type 'ros.ament_cmake' and name 'my_robot_interfaces'
[0.464s] Level 1:colcon.colcon_core.package_discovery:discover_packages(recursive) using defaults
[0.464s] Level 1:colcon.colcon_core.package_discovery:discover_packages(ignore) discover
[0.464s] Level 1:colcon.colcon_core.package_discovery:discover_packages(ignore) using defaults
[0.464s] Level 1:colcon.colcon_core.package_discovery:discover_packages(path) discover
[0.464s] Level 1:colcon.colcon_core.package_discovery:discover_packages(path) using defaults
[0.508s] INFO:colcon.colcon_core.package_selection:Skipping not selected package 'my_cpp_pkg' in 'src/my_cpp_pkg'
[0.508s] INFO:colcon.colcon_core.package_selection:Skipping not selected package 'my_py_pkg' in 'src/my_py_pkg'
[0.509s] Level 5:colcon.colcon_core.verb:set package 'my_robot_interfaces' build argument 'cmake_args' from command line to 'None'
[0.509s] Level 5:colcon.colcon_core.verb:set package 'my_robot_interfaces' build argument 'cmake_target' from command line to 'None'
[0.509s] Level 5:colcon.colcon_core.verb:set package 'my_robot_interfaces' build argument 'cmake_target_skip_unavailable' from command line to 'False'
[0.509s] Level 5:colcon.colcon_core.verb:set package 'my_robot_interfaces' build argument 'cmake_clean_cache' from command line to 'False'
[0.509s] Level 5:colcon.colcon_core.verb:set package 'my_robot_interfaces' build argument 'cmake_clean_first' from command line to 'False'
[0.509s] Level 5:colcon.colcon_core.verb:set package 'my_robot_interfaces' build argument 'cmake_force_configure' from command line to 'False'
[0.509s] Level 5:colcon.colcon_core.verb:set package 'my_robot_interfaces' build argument 'ament_cmake_args' from command line to 'None'
[0.509s] Level 5:colcon.colcon_core.verb:set package 'my_robot_interfaces' build argument 'catkin_cmake_args' from command line to 'None'
[0.509s] Level 5:colcon.colcon_core.verb:set package 'my_robot_interfaces' build argument 'catkin_skip_building_tests' from command line to 'False'
[0.510s] DEBUG:colcon.colcon_core.verb:Building package 'my_robot_interfaces' with the following arguments: {'ament_cmake_args': None, 'build_base': '/home/starchdev/ros2_ws/build/my_robot_interfaces', 'catkin_cmake_args': None, 'catkin_skip_building_tests': False, 'cmake_args': None, 'cmake_clean_cache': False, 'cmake_clean_first': False, 'cmake_force_configure': False, 'cmake_target': None, 'cmake_target_skip_unavailable': False, 'install_base': '/home/starchdev/ros2_ws/install/my_robot_interfaces', 'merge_install': False, 'path': '/home/starchdev/ros2_ws/src/my_robot_interfaces', 'symlink_install': False, 'test_result_base': None}
[0.510s] INFO:colcon.colcon_core.executor:Executing jobs using 'parallel' executor
[0.512s] DEBUG:colcon.colcon_parallel_executor.executor.parallel:run_until_complete
[0.512s] INFO:colcon.colcon_ros.task.ament_cmake.build:Building ROS package in '/home/starchdev/ros2_ws/src/my_robot_interfaces' with build type 'ament_cmake'
[0.512s] INFO:colcon.colcon_cmake.task.cmake.build:Building CMake package in '/home/starchdev/ros2_ws/src/my_robot_interfaces'
[0.519s] INFO:colcon.colcon_core.plugin_system:Skipping extension 'colcon_core.shell.bat': Not used on non-Windows systems
[0.520s] DEBUG:colcon.colcon_core.shell:Skip shell extension 'dsv' for command environment
[0.541s] DEBUG:colcon.colcon_core.event_handler.log_command:Invoking command in '/home/starchdev/ros2_ws/build/my_robot_interfaces': CMAKE_PREFIX_PATH=${CMAKE_PREFIX_PATH}:/home/starchdev/ros2_ws/install/my_py_pkg:/opt/ros/jazzy DEBUGINFOD_URLS=https://debuginfod.ubuntu.com /usr/bin/cmake /home/starchdev/ros2_ws/src/my_robot_interfaces -DCMAKE_INSTALL_PREFIX=/home/starchdev/ros2_ws/install/my_robot_interfaces
[6.878s] DEBUG:colcon.colcon_core.event_handler.log_command:Invoked command in '/home/starchdev/ros2_ws/build/my_robot_interfaces' returned '0': CMAKE_PREFIX_PATH=${CMAKE_PREFIX_PATH}:/home/starchdev/ros2_ws/install/my_py_pkg:/opt/ros/jazzy DEBUGINFOD_URLS=https://debuginfod.ubuntu.com /usr/bin/cmake /home/starchdev/ros2_ws/src/my_robot_interfaces -DCMAKE_INSTALL_PREFIX=/home/starchdev/ros2_ws/install/my_robot_interfaces
[6.879s] DEBUG:colcon.colcon_core.event_handler.log_command:Invoking command in '/home/starchdev/ros2_ws/build/my_robot_interfaces': CMAKE_PREFIX_PATH=${CMAKE_PREFIX_PATH}:/home/starchdev/ros2_ws/install/my_py_pkg:/opt/ros/jazzy DEBUGINFOD_URLS=https://debuginfod.ubuntu.com /usr/bin/cmake --build /home/starchdev/ros2_ws/build/my_robot_interfaces -- -j2 -l2
[18.617s] DEBUG:colcon.colcon_core.event_handler.log_command:Invoked command in '/home/starchdev/ros2_ws/build/my_robot_interfaces' returned '0': CMAKE_PREFIX_PATH=${CMAKE_PREFIX_PATH}:/home/starchdev/ros2_ws/install/my_py_pkg:/opt/ros/jazzy DEBUGINFOD_URLS=https://debuginfod.ubuntu.com /usr/bin/cmake --build /home/starchdev/ros2_ws/build/my_robot_interfaces -- -j2 -l2
[18.636s] DEBUG:colcon.colcon_core.event_handler.log_command:Invoking command in '/home/starchdev/ros2_ws/build/my_robot_interfaces': CMAKE_PREFIX_PATH=${CMAKE_PREFIX_PATH}:/home/starchdev/ros2_ws/install/my_py_pkg:/opt/ros/jazzy DEBUGINFOD_URLS=https://debuginfod.ubuntu.com /usr/bin/cmake --install /home/starchdev/ros2_ws/build/my_robot_interfaces
[18.828s] Level 1:colcon.colcon_core.environment:create_environment_scripts_only(my_robot_interfaces)
[18.829s] DEBUG:colcon.colcon_core.event_handler.log_command:Invoked command in '/home/starchdev/ros2_ws/build/my_robot_interfaces' returned '0': CMAKE_PREFIX_PATH=${CMAKE_PREFIX_PATH}:/home/starchdev/ros2_ws/install/my_py_pkg:/opt/ros/jazzy DEBUGINFOD_URLS=https://debuginfod.ubuntu.com /usr/bin/cmake --install /home/starchdev/ros2_ws/build/my_robot_interfaces
[18.835s] Level 1:colcon.colcon_core.environment:checking '/home/starchdev/ros2_ws/install/my_robot_interfaces' for CMake module files
[18.836s] Level 1:colcon.colcon_core.environment:checking '/home/starchdev/ros2_ws/install/my_robot_interfaces' for CMake config files
[18.837s] Level 1:colcon.colcon_core.shell:create_environment_hook('my_robot_interfaces', 'cmake_prefix_path')
[18.837s] INFO:colcon.colcon_core.shell:Creating environment descriptor '/home/starchdev/ros2_ws/install/my_robot_interfaces/share/my_robot_interfaces/hook/cmake_prefix_path.dsv'
[18.839s] INFO:colcon.colcon_core.shell:Creating environment hook '/home/starchdev/ros2_ws/install/my_robot_interfaces/share/my_robot_interfaces/hook/cmake_prefix_path.sh'
[18.841s] Level 1:colcon.colcon_core.environment:checking '/home/starchdev/ros2_ws/install/my_robot_interfaces/lib'
[18.842s] Level 1:colcon.colcon_core.shell:create_environment_hook('my_robot_interfaces', 'ld_library_path_lib')
[18.843s] INFO:colcon.colcon_core.shell:Creating environment descriptor '/home/starchdev/ros2_ws/install/my_robot_interfaces/share/my_robot_interfaces/hook/ld_library_path_lib.dsv'
[18.844s] INFO:colcon.colcon_core.shell:Creating environment hook '/home/starchdev/ros2_ws/install/my_robot_interfaces/share/my_robot_interfaces/hook/ld_library_path_lib.sh'
[18.845s] Level 1:colcon.colcon_core.environment:checking '/home/starchdev/ros2_ws/install/my_robot_interfaces/bin'
[18.845s] Level 1:colcon.colcon_core.environment:checking '/home/starchdev/ros2_ws/install/my_robot_interfaces/lib/pkgconfig/my_robot_interfaces.pc'
[18.852s] Level 1:colcon.colcon_core.environment:checking '/home/starchdev/ros2_ws/install/my_robot_interfaces/lib/python3.12/site-packages'
[18.852s] Level 1:colcon.colcon_core.shell:create_environment_hook('my_robot_interfaces', 'pythonpath')
[18.853s] INFO:colcon.colcon_core.shell:Creating environment descriptor '/home/starchdev/ros2_ws/install/my_robot_interfaces/share/my_robot_interfaces/hook/pythonpath.dsv'
[18.854s] INFO:colcon.colcon_core.shell:Creating environment hook '/home/starchdev/ros2_ws/install/my_robot_interfaces/share/my_robot_interfaces/hook/pythonpath.sh'
[18.855s] Level 1:colcon.colcon_core.environment:checking '/home/starchdev/ros2_ws/install/my_robot_interfaces/bin'
[18.858s] INFO:colcon.colcon_core.shell:Creating package descriptor '/home/starchdev/ros2_ws/install/my_robot_interfaces/share/my_robot_interfaces/package.dsv'
[18.859s] INFO:colcon.colcon_core.shell:Creating package script '/home/starchdev/ros2_ws/install/my_robot_interfaces/share/my_robot_interfaces/package.sh'
[18.861s] INFO:colcon.colcon_core.shell:Creating package script '/home/starchdev/ros2_ws/install/my_robot_interfaces/share/my_robot_interfaces/package.bash'
[18.863s] INFO:colcon.colcon_core.shell:Creating package script '/home/starchdev/ros2_ws/install/my_robot_interfaces/share/my_robot_interfaces/package.zsh'
[18.866s] Level 1:colcon.colcon_core.environment:create_file_with_runtime_dependencies(/home/starchdev/ros2_ws/install/my_robot_interfaces/share/colcon-core/packages/my_robot_interfaces)
[18.869s] Level 1:colcon.colcon_core.environment:create_environment_scripts_only(my_robot_interfaces)
[18.869s] Level 1:colcon.colcon_core.environment:checking '/home/starchdev/ros2_ws/install/my_robot_interfaces' for CMake module files
[18.871s] Level 1:colcon.colcon_core.environment:checking '/home/starchdev/ros2_ws/install/my_robot_interfaces' for CMake config files
[18.873s] Level 1:colcon.colcon_core.shell:create_environment_hook('my_robot_interfaces', 'cmake_prefix_path')
[18.874s] INFO:colcon.colcon_core.shell:Creating environment descriptor '/home/starchdev/ros2_ws/install/my_robot_interfaces/share/my_robot_interfaces/hook/cmake_prefix_path.dsv'
[18.875s] INFO:colcon.colcon_core.shell:Creating environment hook '/home/starchdev/ros2_ws/install/my_robot_interfaces/share/my_robot_interfaces/hook/cmake_prefix_path.sh'
[18.877s] Level 1:colcon.colcon_core.environment:checking '/home/starchdev/ros2_ws/install/my_robot_interfaces/lib'
[18.878s] Level 1:colcon.colcon_core.shell:create_environment_hook('my_robot_interfaces', 'ld_library_path_lib')
[18.879s] INFO:colcon.colcon_core.shell:Creating environment descriptor '/home/starchdev/ros2_ws/install/my_robot_interfaces/share/my_robot_interfaces/hook/ld_library_path_lib.dsv'
[18.881s] INFO:colcon.colcon_core.shell:Creating environment hook '/home/starchdev/ros2_ws/install/my_robot_interfaces/share/my_robot_interfaces/hook/ld_library_path_lib.sh'
[18.882s] Level 1:colcon.colcon_core.environment:checking '/home/starchdev/ros2_ws/install/my_robot_interfaces/bin'
[18.882s] Level 1:colcon.colcon_core.environment:checking '/home/starchdev/ros2_ws/install/my_robot_interfaces/lib/pkgconfig/my_robot_interfaces.pc'
[18.883s] Level 1:colcon.colcon_core.environment:checking '/home/starchdev/ros2_ws/install/my_robot_interfaces/lib/python3.12/site-packages'
[18.883s] Level 1:colcon.colcon_core.shell:create_environment_hook('my_robot_interfaces', 'pythonpath')
[18.883s] INFO:colcon.colcon_core.shell:Creating environment descriptor '/home/starchdev/ros2_ws/install/my_robot_interfaces/share/my_robot_interfaces/hook/pythonpath.dsv'
[18.884s] INFO:colcon.colcon_core.shell:Creating environment hook '/home/starchdev/ros2_ws/install/my_robot_interfaces/share/my_robot_interfaces/hook/pythonpath.sh'
[18.885s] Level 1:colcon.colcon_core.environment:checking '/home/starchdev/ros2_ws/install/my_robot_interfaces/bin'
[18.885s] INFO:colcon.colcon_core.shell:Creating package descriptor '/home/starchdev/ros2_ws/install/my_robot_interfaces/share/my_robot_interfaces/package.dsv'
[18.887s] INFO:colcon.colcon_core.shell:Creating package script '/home/starchdev/ros2_ws/install/my_robot_interfaces/share/my_robot_interfaces/package.sh'
[18.888s] INFO:colcon.colcon_core.shell:Creating package script '/home/starchdev/ros2_ws/install/my_robot_interfaces/share/my_robot_interfaces/package.bash'
[18.889s] INFO:colcon.colcon_core.shell:Creating package script '/home/starchdev/ros2_ws/install/my_robot_interfaces/share/my_robot_interfaces/package.zsh'
[18.890s] Level 1:colcon.colcon_core.environment:create_file_with_runtime_dependencies(/home/starchdev/ros2_ws/install/my_robot_interfaces/share/colcon-core/packages/my_robot_interfaces)
[18.891s] DEBUG:colcon.colcon_parallel_executor.executor.parallel:closing loop
[18.891s] DEBUG:colcon.colcon_parallel_executor.executor.parallel:loop closed
[18.891s] DEBUG:colcon.colcon_parallel_executor.executor.parallel:run_until_complete finished with '0'
[18.891s] DEBUG:colcon.colcon_core.event_reactor:joining thread
[18.928s] INFO:colcon.colcon_core.plugin_system:Skipping extension 'colcon_notification.desktop_notification.terminal_notifier': Not used on non-Darwin systems
[18.928s] INFO:colcon.colcon_core.plugin_system:Skipping extension 'colcon_notification.desktop_notification.win32': Not used on non-Windows systems
[18.928s] INFO:colcon.colcon_notification.desktop_notification:Sending desktop notification using 'notify2'
[18.966s] DEBUG:colcon.colcon_core.event_reactor:joined thread
[18.967s] INFO:colcon.colcon_core.shell:Creating prefix script '/home/starchdev/ros2_ws/install/local_setup.sh'
[18.969s] INFO:colcon.colcon_core.shell:Creating prefix util module '/home/starchdev/ros2_ws/install/_local_setup_util_sh.py'
[18.972s] INFO:colcon.colcon_core.shell:Creating prefix chain script '/home/starchdev/ros2_ws/install/setup.sh'
[18.974s] INFO:colcon.colcon_core.shell:Creating prefix script '/home/starchdev/ros2_ws/install/local_setup.bash'
[18.976s] INFO:colcon.colcon_core.shell:Creating prefix chain script '/home/starchdev/ros2_ws/install/setup.bash'
[18.982s] INFO:colcon.colcon_core.shell:Creating prefix script '/home/starchdev/ros2_ws/install/local_setup.zsh'
[18.986s] INFO:colcon.colcon_core.shell:Creating prefix chain script '/home/starchdev/ros2_ws/install/setup.zsh'
