[1.947s] Invoking command in '/home/starchdev/ros2_ws/src/my_py_pkg': DEBUGINFOD_URLS=https://debuginfod.ubuntu.com PYTHONPATH=/home/starchdev/ros2_ws/build/my_py_pkg/prefix_override:/usr/lib/python3/dist-packages/colcon_core/task/python/colcon_distutils_commands:/home/starchdev/ros2_ws/install/my_py_pkg/lib/python3.12/site-packages:${PYTHONPATH} /usr/bin/python3 -W ignore:setup.py install is deprecated -W ignore:easy_install command is deprecated setup.py egg_info --egg-base ../../build/my_py_pkg build --build-base /home/starchdev/ros2_ws/build/my_py_pkg/build install --record /home/starchdev/ros2_ws/build/my_py_pkg/install.log --single-version-externally-managed install_data
[2.552s] running egg_info
[2.553s] creating ../../build/my_py_pkg/my_py_pkg.egg-info
[2.593s] writing ../../build/my_py_pkg/my_py_pkg.egg-info/PKG-INFO
[2.595s] writing dependency_links to ../../build/my_py_pkg/my_py_pkg.egg-info/dependency_links.txt
[2.595s] writing requirements to ../../build/my_py_pkg/my_py_pkg.egg-info/requires.txt
[2.595s] writing top-level names to ../../build/my_py_pkg/my_py_pkg.egg-info/top_level.txt
[2.595s] writing manifest file '../../build/my_py_pkg/my_py_pkg.egg-info/SOURCES.txt'
[2.679s] reading manifest file '../../build/my_py_pkg/my_py_pkg.egg-info/SOURCES.txt'
[2.680s] writing manifest file '../../build/my_py_pkg/my_py_pkg.egg-info/SOURCES.txt'
[2.680s] running build
[2.681s] running build_py
[2.681s] creating /home/starchdev/ros2_ws/build/my_py_pkg/build
[2.681s] creating /home/starchdev/ros2_ws/build/my_py_pkg/build/lib
[2.682s] creating /home/starchdev/ros2_ws/build/my_py_pkg/build/lib/my_py_pkg
[2.682s] copying my_py_pkg/__init__.py -> /home/starchdev/ros2_ws/build/my_py_pkg/build/lib/my_py_pkg
[2.682s] running install
[2.695s] running install_lib
[2.737s] creating /home/starchdev/ros2_ws/install/my_py_pkg/lib/python3.12/site-packages/my_py_pkg
[2.738s] copying /home/starchdev/ros2_ws/build/my_py_pkg/build/lib/my_py_pkg/__init__.py -> /home/starchdev/ros2_ws/install/my_py_pkg/lib/python3.12/site-packages/my_py_pkg
[2.740s] byte-compiling /home/starchdev/ros2_ws/install/my_py_pkg/lib/python3.12/site-packages/my_py_pkg/__init__.py to __init__.cpython-312.pyc
[2.741s] running install_data
[2.742s] creating /home/starchdev/ros2_ws/install/my_py_pkg/share/ament_index
[2.742s] creating /home/starchdev/ros2_ws/install/my_py_pkg/share/ament_index/resource_index
[2.742s] creating /home/starchdev/ros2_ws/install/my_py_pkg/share/ament_index/resource_index/packages
[2.742s] copying resource/my_py_pkg -> /home/starchdev/ros2_ws/install/my_py_pkg/share/ament_index/resource_index/packages
[2.743s] copying package.xml -> /home/starchdev/ros2_ws/install/my_py_pkg/share/my_py_pkg
[2.746s] running install_egg_info
[2.785s] Copying ../../build/my_py_pkg/my_py_pkg.egg-info to /home/starchdev/ros2_ws/install/my_py_pkg/lib/python3.12/site-packages/my_py_pkg-0.0.0-py3.12.egg-info
[2.787s] running install_scripts
[3.058s] writing list of installed files to '/home/starchdev/ros2_ws/build/my_py_pkg/install.log'
[3.129s] Invoked command in '/home/starchdev/ros2_ws/src/my_py_pkg' returned '0': DEBUGINFOD_URLS=https://debuginfod.ubuntu.com PYTHONPATH=/home/starchdev/ros2_ws/build/my_py_pkg/prefix_override:/usr/lib/python3/dist-packages/colcon_core/task/python/colcon_distutils_commands:/home/starchdev/ros2_ws/install/my_py_pkg/lib/python3.12/site-packages:${PYTHONPATH} /usr/bin/python3 -W ignore:setup.py install is deprecated -W ignore:easy_install command is deprecated setup.py egg_info --egg-base ../../build/my_py_pkg build --build-base /home/starchdev/ros2_ws/build/my_py_pkg/build install --record /home/starchdev/ros2_ws/build/my_py_pkg/install.log --single-version-externally-managed install_data
