[1.864s] Invoking command in '/home/starchdev/ros2_ws/src/my_py_pkg': DEBUGINFOD_URLS=https://debuginfod.ubuntu.com PYTHONPATH=/home/starchdev/ros2_ws/build/my_py_pkg/prefix_override:/usr/lib/python3/dist-packages/colcon_core/task/python/colcon_distutils_commands:/home/starchdev/ros2_ws/install/my_py_pkg/lib/python3.12/site-packages:${PYTHONPATH} /usr/bin/python3 -W ignore:setup.py install is deprecated -W ignore:easy_install command is deprecated setup.py egg_info --egg-base ../../build/my_py_pkg build --build-base /home/starchdev/ros2_ws/build/my_py_pkg/build install --record /home/starchdev/ros2_ws/build/my_py_pkg/install.log --single-version-externally-managed install_data
[2.416s] running egg_info
[2.458s] writing ../../build/my_py_pkg/my_py_pkg.egg-info/PKG-INFO
[2.462s] writing dependency_links to ../../build/my_py_pkg/my_py_pkg.egg-info/dependency_links.txt
[2.462s] writing entry points to ../../build/my_py_pkg/my_py_pkg.egg-info/entry_points.txt
[2.464s] writing requirements to ../../build/my_py_pkg/my_py_pkg.egg-info/requires.txt
[2.464s] writing top-level names to ../../build/my_py_pkg/my_py_pkg.egg-info/top_level.txt
[2.549s] reading manifest file '../../build/my_py_pkg/my_py_pkg.egg-info/SOURCES.txt'
[2.551s] writing manifest file '../../build/my_py_pkg/my_py_pkg.egg-info/SOURCES.txt'
[2.552s] running build
[2.552s] running build_py
[2.553s] copying my_py_pkg/number_counter.py -> /home/starchdev/ros2_ws/build/my_py_pkg/build/lib/my_py_pkg
[2.554s] running install
[2.567s] running install_lib
[2.611s] copying /home/starchdev/ros2_ws/build/my_py_pkg/build/lib/my_py_pkg/number_counter.py -> /home/starchdev/ros2_ws/install/my_py_pkg/lib/python3.12/site-packages/my_py_pkg
[2.614s] byte-compiling /home/starchdev/ros2_ws/install/my_py_pkg/lib/python3.12/site-packages/my_py_pkg/number_counter.py to number_counter.cpython-312.pyc
[2.614s] running install_data
[2.616s] running install_egg_info
[2.663s] removing '/home/starchdev/ros2_ws/install/my_py_pkg/lib/python3.12/site-packages/my_py_pkg-0.0.0-py3.12.egg-info' (and everything under it)
[2.664s] Copying ../../build/my_py_pkg/my_py_pkg.egg-info to /home/starchdev/ros2_ws/install/my_py_pkg/lib/python3.12/site-packages/my_py_pkg-0.0.0-py3.12.egg-info
[2.666s] running install_scripts
[2.947s] Installing number_counter script to /home/starchdev/ros2_ws/install/my_py_pkg/lib/my_py_pkg
[2.951s] Installing number_publisher script to /home/starchdev/ros2_ws/install/my_py_pkg/lib/my_py_pkg
[2.952s] Installing test_node_first script to /home/starchdev/ros2_ws/install/my_py_pkg/lib/my_py_pkg
[2.952s] Installing test_node_second script to /home/starchdev/ros2_ws/install/my_py_pkg/lib/my_py_pkg
[2.952s] writing list of installed files to '/home/starchdev/ros2_ws/build/my_py_pkg/install.log'
[3.023s] Invoked command in '/home/starchdev/ros2_ws/src/my_py_pkg' returned '0': DEBUGINFOD_URLS=https://debuginfod.ubuntu.com PYTHONPATH=/home/starchdev/ros2_ws/build/my_py_pkg/prefix_override:/usr/lib/python3/dist-packages/colcon_core/task/python/colcon_distutils_commands:/home/starchdev/ros2_ws/install/my_py_pkg/lib/python3.12/site-packages:${PYTHONPATH} /usr/bin/python3 -W ignore:setup.py install is deprecated -W ignore:easy_install command is deprecated setup.py egg_info --egg-base ../../build/my_py_pkg build --build-base /home/starchdev/ros2_ws/build/my_py_pkg/build install --record /home/starchdev/ros2_ws/build/my_py_pkg/install.log --single-version-externally-managed install_data
