[1.355s] DEBUG:colcon:Command line arguments: ['/usr/bin/colcon', 'build', '--packages-select', 'my_cpp_pkg']
[1.355s] DEBUG:colcon:Parsed command line arguments: Namespace(log_base=None, log_level=None, verb_name='build', build_base='build', install_base='install', merge_install=False, symlink_install=False, test_result_base=None, continue_on_error=False, executor='parallel', parallel_workers=2, event_handlers=None, ignore_user_meta=False, metas=['./colcon.meta'], base_paths=['.'], packages_ignore=None, packages_ignore_regex=None, paths=None, packages_up_to=None, packages_up_to_regex=None, packages_above=None, packages_above_and_dependencies=None, packages_above_depth=None, packages_select_by_dep=None, packages_skip_by_dep=None, packages_skip_up_to=None, packages_select_build_failed=False, packages_skip_build_finished=False, packages_select_test_failures=False, packages_skip_test_passed=False, packages_select=['my_cpp_pkg'], packages_skip=None, packages_select_regex=None, packages_skip_regex=None, packages_start=None, packages_end=None, cmake_args=None, cmake_target=None, cmake_target_skip_unavailable=False, cmake_clean_cache=False, cmake_clean_first=False, cmake_force_configure=False, ament_cmake_args=None, catkin_cmake_args=None, catkin_skip_building_tests=False, verb_parser=<colcon_defaults.argument_parser.defaults.DefaultArgumentsDecorator object at 0x73fe89b06870>, verb_extension=<colcon_core.verb.build.BuildVerb object at 0x73fe89b04860>, main=<bound method BuildVerb.main of <colcon_core.verb.build.BuildVerb object at 0x73fe89b04860>>)
[1.593s] Level 1:colcon.colcon_core.package_discovery:discover_packages(colcon_meta) check parameters
[1.593s] Level 1:colcon.colcon_core.package_discovery:discover_packages(recursive) check parameters
[1.593s] Level 1:colcon.colcon_core.package_discovery:discover_packages(ignore) check parameters
[1.593s] Level 1:colcon.colcon_core.package_discovery:discover_packages(path) check parameters
[1.593s] Level 1:colcon.colcon_core.package_discovery:discover_packages(colcon_meta) discover
[1.593s] Level 1:colcon.colcon_core.package_discovery:discover_packages(recursive) discover
[1.593s] INFO:colcon.colcon_core.package_discovery:Crawling recursively for packages in '/home/starchdev/ros2_ws'
[1.593s] Level 1:colcon.colcon_core.package_identification:_identify(.) by extensions ['ignore', 'ignore_ament_install']
[1.594s] Level 1:colcon.colcon_core.package_identification:_identify(.) by extension 'ignore'
[1.594s] Level 1:colcon.colcon_core.package_identification:_identify(.) by extension 'ignore_ament_install'
[1.598s] Level 1:colcon.colcon_core.package_identification:_identify(.) by extensions ['colcon_pkg']
[1.599s] Level 1:colcon.colcon_core.package_identification:_identify(.) by extension 'colcon_pkg'
[1.599s] Level 1:colcon.colcon_core.package_identification:_identify(.) by extensions ['colcon_meta']
[1.599s] Level 1:colcon.colcon_core.package_identification:_identify(.) by extension 'colcon_meta'
[1.599s] Level 1:colcon.colcon_core.package_identification:_identify(.) by extensions ['ros']
[1.599s] Level 1:colcon.colcon_core.package_identification:_identify(.) by extension 'ros'
[1.668s] Level 1:colcon.colcon_core.package_identification:_identify(.) by extensions ['cmake', 'python']
[1.668s] Level 1:colcon.colcon_core.package_identification:_identify(.) by extension 'cmake'
[1.668s] Level 1:colcon.colcon_core.package_identification:_identify(.) by extension 'python'
[1.668s] Level 1:colcon.colcon_core.package_identification:_identify(.) by extensions ['python_setup_py']
[1.668s] Level 1:colcon.colcon_core.package_identification:_identify(.) by extension 'python_setup_py'
[1.668s] Level 1:colcon.colcon_core.package_identification:_identify(build) by extensions ['ignore', 'ignore_ament_install']
[1.669s] Level 1:colcon.colcon_core.package_identification:_identify(build) by extension 'ignore'
[1.669s] Level 1:colcon.colcon_core.package_identification:_identify(build) ignored
[1.669s] Level 1:colcon.colcon_core.package_identification:_identify(install) by extensions ['ignore', 'ignore_ament_install']
[1.669s] Level 1:colcon.colcon_core.package_identification:_identify(install) by extension 'ignore'
[1.669s] Level 1:colcon.colcon_core.package_identification:_identify(install) ignored
[1.670s] Level 1:colcon.colcon_core.package_identification:_identify(log) by extensions ['ignore', 'ignore_ament_install']
[1.670s] Level 1:colcon.colcon_core.package_identification:_identify(log) by extension 'ignore'
[1.670s] Level 1:colcon.colcon_core.package_identification:_identify(log) ignored
[1.670s] Level 1:colcon.colcon_core.package_identification:_identify(src) by extensions ['ignore', 'ignore_ament_install']
[1.670s] Level 1:colcon.colcon_core.package_identification:_identify(src) by extension 'ignore'
[1.670s] Level 1:colcon.colcon_core.package_identification:_identify(src) by extension 'ignore_ament_install'
[1.671s] Level 1:colcon.colcon_core.package_identification:_identify(src) by extensions ['colcon_pkg']
[1.671s] Level 1:colcon.colcon_core.package_identification:_identify(src) by extension 'colcon_pkg'
[1.671s] Level 1:colcon.colcon_core.package_identification:_identify(src) by extensions ['colcon_meta']
[1.671s] Level 1:colcon.colcon_core.package_identification:_identify(src) by extension 'colcon_meta'
[1.671s] Level 1:colcon.colcon_core.package_identification:_identify(src) by extensions ['ros']
[1.671s] Level 1:colcon.colcon_core.package_identification:_identify(src) by extension 'ros'
[1.671s] Level 1:colcon.colcon_core.package_identification:_identify(src) by extensions ['cmake', 'python']
[1.671s] Level 1:colcon.colcon_core.package_identification:_identify(src) by extension 'cmake'
[1.671s] Level 1:colcon.colcon_core.package_identification:_identify(src) by extension 'python'
[1.671s] Level 1:colcon.colcon_core.package_identification:_identify(src) by extensions ['python_setup_py']
[1.672s] Level 1:colcon.colcon_core.package_identification:_identify(src) by extension 'python_setup_py'
[1.672s] Level 1:colcon.colcon_core.package_identification:_identify(src/my_cpp_pkg) by extensions ['ignore', 'ignore_ament_install']
[1.672s] Level 1:colcon.colcon_core.package_identification:_identify(src/my_cpp_pkg) by extension 'ignore'
[1.672s] Level 1:colcon.colcon_core.package_identification:_identify(src/my_cpp_pkg) by extension 'ignore_ament_install'
[1.672s] Level 1:colcon.colcon_core.package_identification:_identify(src/my_cpp_pkg) by extensions ['colcon_pkg']
[1.672s] Level 1:colcon.colcon_core.package_identification:_identify(src/my_cpp_pkg) by extension 'colcon_pkg'
[1.672s] Level 1:colcon.colcon_core.package_identification:_identify(src/my_cpp_pkg) by extensions ['colcon_meta']
[1.672s] Level 1:colcon.colcon_core.package_identification:_identify(src/my_cpp_pkg) by extension 'colcon_meta'
[1.672s] Level 1:colcon.colcon_core.package_identification:_identify(src/my_cpp_pkg) by extensions ['ros']
[1.673s] Level 1:colcon.colcon_core.package_identification:_identify(src/my_cpp_pkg) by extension 'ros'
[1.678s] DEBUG:colcon.colcon_core.package_identification:Package 'src/my_cpp_pkg' with type 'ros.ament_cmake' and name 'my_cpp_pkg'
[1.678s] Level 1:colcon.colcon_core.package_identification:_identify(src/my_py_pkg) by extensions ['ignore', 'ignore_ament_install']
[1.722s] Level 1:colcon.colcon_core.package_identification:_identify(src/my_py_pkg) by extension 'ignore'
[1.722s] Level 1:colcon.colcon_core.package_identification:_identify(src/my_py_pkg) by extension 'ignore_ament_install'
[1.722s] Level 1:colcon.colcon_core.package_identification:_identify(src/my_py_pkg) by extensions ['colcon_pkg']
[1.722s] Level 1:colcon.colcon_core.package_identification:_identify(src/my_py_pkg) by extension 'colcon_pkg'
[1.722s] Level 1:colcon.colcon_core.package_identification:_identify(src/my_py_pkg) by extensions ['colcon_meta']
[1.722s] Level 1:colcon.colcon_core.package_identification:_identify(src/my_py_pkg) by extension 'colcon_meta'
[1.726s] Level 1:colcon.colcon_core.package_identification:_identify(src/my_py_pkg) by extensions ['ros']
[1.727s] Level 1:colcon.colcon_core.package_identification:_identify(src/my_py_pkg) by extension 'ros'
[1.729s] DEBUG:colcon.colcon_core.package_identification:Package 'src/my_py_pkg' with type 'ros.ament_python' and name 'my_py_pkg'
[1.729s] Level 1:colcon.colcon_core.package_discovery:discover_packages(recursive) using defaults
[1.729s] Level 1:colcon.colcon_core.package_discovery:discover_packages(ignore) discover
[1.729s] Level 1:colcon.colcon_core.package_discovery:discover_packages(ignore) using defaults
[1.729s] Level 1:colcon.colcon_core.package_discovery:discover_packages(path) discover
[1.729s] Level 1:colcon.colcon_core.package_discovery:discover_packages(path) using defaults
[1.816s] INFO:colcon.colcon_core.package_selection:Skipping not selected package 'my_py_pkg' in 'src/my_py_pkg'
[1.817s] Level 5:colcon.colcon_core.verb:set package 'my_cpp_pkg' build argument 'cmake_args' from command line to 'None'
[1.817s] Level 5:colcon.colcon_core.verb:set package 'my_cpp_pkg' build argument 'cmake_target' from command line to 'None'
[1.817s] Level 5:colcon.colcon_core.verb:set package 'my_cpp_pkg' build argument 'cmake_target_skip_unavailable' from command line to 'False'
[1.818s] Level 5:colcon.colcon_core.verb:set package 'my_cpp_pkg' build argument 'cmake_clean_cache' from command line to 'False'
[1.818s] Level 5:colcon.colcon_core.verb:set package 'my_cpp_pkg' build argument 'cmake_clean_first' from command line to 'False'
[1.818s] Level 5:colcon.colcon_core.verb:set package 'my_cpp_pkg' build argument 'cmake_force_configure' from command line to 'False'
[1.818s] Level 5:colcon.colcon_core.verb:set package 'my_cpp_pkg' build argument 'ament_cmake_args' from command line to 'None'
[1.818s] Level 5:colcon.colcon_core.verb:set package 'my_cpp_pkg' build argument 'catkin_cmake_args' from command line to 'None'
[1.818s] Level 5:colcon.colcon_core.verb:set package 'my_cpp_pkg' build argument 'catkin_skip_building_tests' from command line to 'False'
[1.818s] DEBUG:colcon.colcon_core.verb:Building package 'my_cpp_pkg' with the following arguments: {'ament_cmake_args': None, 'build_base': '/home/starchdev/ros2_ws/build/my_cpp_pkg', 'catkin_cmake_args': None, 'catkin_skip_building_tests': False, 'cmake_args': None, 'cmake_clean_cache': False, 'cmake_clean_first': False, 'cmake_force_configure': False, 'cmake_target': None, 'cmake_target_skip_unavailable': False, 'install_base': '/home/starchdev/ros2_ws/install/my_cpp_pkg', 'merge_install': False, 'path': '/home/starchdev/ros2_ws/src/my_cpp_pkg', 'symlink_install': False, 'test_result_base': None}
[1.820s] INFO:colcon.colcon_core.executor:Executing jobs using 'parallel' executor
[1.823s] DEBUG:colcon.colcon_parallel_executor.executor.parallel:run_until_complete
[1.824s] INFO:colcon.colcon_ros.task.ament_cmake.build:Building ROS package in '/home/starchdev/ros2_ws/src/my_cpp_pkg' with build type 'ament_cmake'
[1.824s] INFO:colcon.colcon_cmake.task.cmake.build:Building CMake package in '/home/starchdev/ros2_ws/src/my_cpp_pkg'
[1.836s] INFO:colcon.colcon_core.plugin_system:Skipping extension 'colcon_core.shell.bat': Not used on non-Windows systems
[1.836s] DEBUG:colcon.colcon_core.shell:Skip shell extension 'dsv' for command environment
[1.915s] DEBUG:colcon.colcon_core.event_handler.log_command:Invoking command in '/home/starchdev/ros2_ws/build/my_cpp_pkg': CMAKE_PREFIX_PATH=${CMAKE_PREFIX_PATH}:/home/starchdev/ros2_ws/install/my_py_pkg:/opt/ros/jazzy DEBUGINFOD_URLS=https://debuginfod.ubuntu.com /usr/bin/cmake --build /home/starchdev/ros2_ws/build/my_cpp_pkg -- -j2 -l2
[26.836s] DEBUG:colcon.colcon_core.event_handler.log_command:Invoked command in '/home/starchdev/ros2_ws/build/my_cpp_pkg' returned '0': CMAKE_PREFIX_PATH=${CMAKE_PREFIX_PATH}:/home/starchdev/ros2_ws/install/my_py_pkg:/opt/ros/jazzy DEBUGINFOD_URLS=https://debuginfod.ubuntu.com /usr/bin/cmake --build /home/starchdev/ros2_ws/build/my_cpp_pkg -- -j2 -l2
[26.859s] DEBUG:colcon.colcon_core.event_handler.log_command:Invoking command in '/home/starchdev/ros2_ws/build/my_cpp_pkg': CMAKE_PREFIX_PATH=${CMAKE_PREFIX_PATH}:/home/starchdev/ros2_ws/install/my_py_pkg:/opt/ros/jazzy DEBUGINFOD_URLS=https://debuginfod.ubuntu.com /usr/bin/cmake --install /home/starchdev/ros2_ws/build/my_cpp_pkg
[26.905s] Level 1:colcon.colcon_core.environment:create_environment_scripts_only(my_cpp_pkg)
[26.906s] DEBUG:colcon.colcon_core.event_handler.log_command:Invoked command in '/home/starchdev/ros2_ws/build/my_cpp_pkg' returned '0': CMAKE_PREFIX_PATH=${CMAKE_PREFIX_PATH}:/home/starchdev/ros2_ws/install/my_py_pkg:/opt/ros/jazzy DEBUGINFOD_URLS=https://debuginfod.ubuntu.com /usr/bin/cmake --install /home/starchdev/ros2_ws/build/my_cpp_pkg
[26.913s] Level 1:colcon.colcon_core.environment:checking '/home/starchdev/ros2_ws/install/my_cpp_pkg' for CMake module files
[26.914s] Level 1:colcon.colcon_core.environment:checking '/home/starchdev/ros2_ws/install/my_cpp_pkg' for CMake config files
[26.915s] Level 1:colcon.colcon_core.shell:create_environment_hook('my_cpp_pkg', 'cmake_prefix_path')
[26.915s] INFO:colcon.colcon_core.shell:Creating environment descriptor '/home/starchdev/ros2_ws/install/my_cpp_pkg/share/my_cpp_pkg/hook/cmake_prefix_path.dsv'
[26.916s] INFO:colcon.colcon_core.shell:Creating environment hook '/home/starchdev/ros2_ws/install/my_cpp_pkg/share/my_cpp_pkg/hook/cmake_prefix_path.sh'
[26.921s] Level 1:colcon.colcon_core.environment:checking '/home/starchdev/ros2_ws/install/my_cpp_pkg/lib'
[26.921s] Level 1:colcon.colcon_core.environment:checking '/home/starchdev/ros2_ws/install/my_cpp_pkg/bin'
[26.922s] Level 1:colcon.colcon_core.environment:checking '/home/starchdev/ros2_ws/install/my_cpp_pkg/lib/pkgconfig/my_cpp_pkg.pc'
[26.927s] Level 1:colcon.colcon_core.environment:checking '/home/starchdev/ros2_ws/install/my_cpp_pkg/lib/python3.12/site-packages'
[26.928s] Level 1:colcon.colcon_core.environment:checking '/home/starchdev/ros2_ws/install/my_cpp_pkg/bin'
[26.928s] INFO:colcon.colcon_core.shell:Creating package descriptor '/home/starchdev/ros2_ws/install/my_cpp_pkg/share/my_cpp_pkg/package.dsv'
[26.930s] INFO:colcon.colcon_core.shell:Creating package script '/home/starchdev/ros2_ws/install/my_cpp_pkg/share/my_cpp_pkg/package.sh'
[26.932s] INFO:colcon.colcon_core.shell:Creating package script '/home/starchdev/ros2_ws/install/my_cpp_pkg/share/my_cpp_pkg/package.bash'
[26.933s] INFO:colcon.colcon_core.shell:Creating package script '/home/starchdev/ros2_ws/install/my_cpp_pkg/share/my_cpp_pkg/package.zsh'
[26.934s] Level 1:colcon.colcon_core.environment:create_file_with_runtime_dependencies(/home/starchdev/ros2_ws/install/my_cpp_pkg/share/colcon-core/packages/my_cpp_pkg)
[26.936s] Level 1:colcon.colcon_core.environment:create_environment_scripts_only(my_cpp_pkg)
[26.936s] Level 1:colcon.colcon_core.environment:checking '/home/starchdev/ros2_ws/install/my_cpp_pkg' for CMake module files
[26.938s] Level 1:colcon.colcon_core.environment:checking '/home/starchdev/ros2_ws/install/my_cpp_pkg' for CMake config files
[26.938s] Level 1:colcon.colcon_core.shell:create_environment_hook('my_cpp_pkg', 'cmake_prefix_path')
[26.938s] INFO:colcon.colcon_core.shell:Creating environment descriptor '/home/starchdev/ros2_ws/install/my_cpp_pkg/share/my_cpp_pkg/hook/cmake_prefix_path.dsv'
[26.939s] INFO:colcon.colcon_core.shell:Creating environment hook '/home/starchdev/ros2_ws/install/my_cpp_pkg/share/my_cpp_pkg/hook/cmake_prefix_path.sh'
[26.940s] Level 1:colcon.colcon_core.environment:checking '/home/starchdev/ros2_ws/install/my_cpp_pkg/lib'
[26.940s] Level 1:colcon.colcon_core.environment:checking '/home/starchdev/ros2_ws/install/my_cpp_pkg/bin'
[26.941s] Level 1:colcon.colcon_core.environment:checking '/home/starchdev/ros2_ws/install/my_cpp_pkg/lib/pkgconfig/my_cpp_pkg.pc'
[26.941s] Level 1:colcon.colcon_core.environment:checking '/home/starchdev/ros2_ws/install/my_cpp_pkg/lib/python3.12/site-packages'
[26.941s] Level 1:colcon.colcon_core.environment:checking '/home/starchdev/ros2_ws/install/my_cpp_pkg/bin'
[26.942s] INFO:colcon.colcon_core.shell:Creating package descriptor '/home/starchdev/ros2_ws/install/my_cpp_pkg/share/my_cpp_pkg/package.dsv'
[26.943s] INFO:colcon.colcon_core.shell:Creating package script '/home/starchdev/ros2_ws/install/my_cpp_pkg/share/my_cpp_pkg/package.sh'
[26.944s] INFO:colcon.colcon_core.shell:Creating package script '/home/starchdev/ros2_ws/install/my_cpp_pkg/share/my_cpp_pkg/package.bash'
[26.944s] INFO:colcon.colcon_core.shell:Creating package script '/home/starchdev/ros2_ws/install/my_cpp_pkg/share/my_cpp_pkg/package.zsh'
[26.945s] Level 1:colcon.colcon_core.environment:create_file_with_runtime_dependencies(/home/starchdev/ros2_ws/install/my_cpp_pkg/share/colcon-core/packages/my_cpp_pkg)
[26.946s] DEBUG:colcon.colcon_parallel_executor.executor.parallel:closing loop
[26.947s] DEBUG:colcon.colcon_parallel_executor.executor.parallel:loop closed
[26.947s] DEBUG:colcon.colcon_parallel_executor.executor.parallel:run_until_complete finished with '0'
[26.947s] DEBUG:colcon.colcon_core.event_reactor:joining thread
[26.972s] INFO:colcon.colcon_core.plugin_system:Skipping extension 'colcon_notification.desktop_notification.terminal_notifier': Not used on non-Darwin systems
[26.972s] INFO:colcon.colcon_core.plugin_system:Skipping extension 'colcon_notification.desktop_notification.win32': Not used on non-Windows systems
[26.973s] INFO:colcon.colcon_notification.desktop_notification:Sending desktop notification using 'notify2'
[27.005s] DEBUG:colcon.colcon_core.event_reactor:joined thread
[27.006s] INFO:colcon.colcon_core.shell:Creating prefix script '/home/starchdev/ros2_ws/install/local_setup.sh'
[27.008s] INFO:colcon.colcon_core.shell:Creating prefix util module '/home/starchdev/ros2_ws/install/_local_setup_util_sh.py'
[27.012s] INFO:colcon.colcon_core.shell:Creating prefix chain script '/home/starchdev/ros2_ws/install/setup.sh'
[27.015s] INFO:colcon.colcon_core.shell:Creating prefix script '/home/starchdev/ros2_ws/install/local_setup.bash'
[27.018s] INFO:colcon.colcon_core.shell:Creating prefix chain script '/home/starchdev/ros2_ws/install/setup.bash'
[27.022s] INFO:colcon.colcon_core.shell:Creating prefix script '/home/starchdev/ros2_ws/install/local_setup.zsh'
[27.024s] INFO:colcon.colcon_core.shell:Creating prefix chain script '/home/starchdev/ros2_ws/install/setup.zsh'
