[1.959s] Invoking command in '/home/starchdev/ros2_ws/src/my_py_pkg': DEBUGINFOD_URLS=https://debuginfod.ubuntu.com PYTHONPATH=/home/starchdev/ros2_ws/build/my_py_pkg/prefix_override:/usr/lib/python3/dist-packages/colcon_core/task/python/colcon_distutils_commands:/home/starchdev/ros2_ws/install/my_py_pkg/lib/python3.12/site-packages:${PYTHONPATH} /usr/bin/python3 -W ignore:setup.py install is deprecated -W ignore:easy_install command is deprecated setup.py egg_info --egg-base ../../build/my_py_pkg build --build-base /home/starchdev/ros2_ws/build/my_py_pkg/build install --record /home/starchdev/ros2_ws/build/my_py_pkg/install.log --single-version-externally-managed install_data
[2.503s] running egg_info
[2.544s] writing ../../build/my_py_pkg/my_py_pkg.egg-info/PKG-INFO
[2.548s] writing dependency_links to ../../build/my_py_pkg/my_py_pkg.egg-info/dependency_links.txt
[2.548s] writing entry points to ../../build/my_py_pkg/my_py_pkg.egg-info/entry_points.txt
[2.549s] writing requirements to ../../build/my_py_pkg/my_py_pkg.egg-info/requires.txt
[2.549s] writing top-level names to ../../build/my_py_pkg/my_py_pkg.egg-info/top_level.txt
[2.634s] reading manifest file '../../build/my_py_pkg/my_py_pkg.egg-info/SOURCES.txt'
[2.636s] writing manifest file '../../build/my_py_pkg/my_py_pkg.egg-info/SOURCES.txt'
[2.636s] running build
[2.637s] running build_py
[2.639s] running install
[2.651s] running install_lib
[2.696s] running install_data
[2.698s] running install_egg_info
[2.741s] removing '/home/starchdev/ros2_ws/install/my_py_pkg/lib/python3.12/site-packages/my_py_pkg-0.0.0-py3.12.egg-info' (and everything under it)
[2.742s] Copying ../../build/my_py_pkg/my_py_pkg.egg-info to /home/starchdev/ros2_ws/install/my_py_pkg/lib/python3.12/site-packages/my_py_pkg-0.0.0-py3.12.egg-info
[2.744s] running install_scripts
[3.025s] Installing number_counter script to /home/starchdev/ros2_ws/install/my_py_pkg/lib/my_py_pkg
[3.028s] Installing number_publisher script to /home/starchdev/ros2_ws/install/my_py_pkg/lib/my_py_pkg
[3.029s] Installing test_node_first script to /home/starchdev/ros2_ws/install/my_py_pkg/lib/my_py_pkg
[3.029s] Installing test_node_second script to /home/starchdev/ros2_ws/install/my_py_pkg/lib/my_py_pkg
[3.030s] writing list of installed files to '/home/starchdev/ros2_ws/build/my_py_pkg/install.log'
[3.100s] Invoked command in '/home/starchdev/ros2_ws/src/my_py_pkg' returned '0': DEBUGINFOD_URLS=https://debuginfod.ubuntu.com PYTHONPATH=/home/starchdev/ros2_ws/build/my_py_pkg/prefix_override:/usr/lib/python3/dist-packages/colcon_core/task/python/colcon_distutils_commands:/home/starchdev/ros2_ws/install/my_py_pkg/lib/python3.12/site-packages:${PYTHONPATH} /usr/bin/python3 -W ignore:setup.py install is deprecated -W ignore:easy_install command is deprecated setup.py egg_info --egg-base ../../build/my_py_pkg build --build-base /home/starchdev/ros2_ws/build/my_py_pkg/build install --record /home/starchdev/ros2_ws/build/my_py_pkg/install.log --single-version-externally-managed install_data
