[0.035s] Invoking command in '/home/starchdev/ros2_ws/build/my_cpp_pkg': CMAKE_PREFIX_PATH=${CMAKE_PREFIX_PATH}:/home/starchdev/ros2_ws/install/my_py_pkg:/opt/ros/jazzy DEBUGINFOD_URLS=https://debuginfod.ubuntu.com /usr/bin/cmake --build /home/starchdev/ros2_ws/build/my_cpp_pkg -- -j2 -l2
[0.495s] Invoked command in '/home/starchdev/ros2_ws/build/my_cpp_pkg' returned '0': CMAKE_PREFIX_PATH=${CMAKE_PREFIX_PATH}:/home/starchdev/ros2_ws/install/my_py_pkg:/opt/ros/jazzy DEBUGINFOD_URLS=https://debuginfod.ubuntu.com /usr/bin/cmake --build /home/starchdev/ros2_ws/build/my_cpp_pkg -- -j2 -l2
[0.516s] Invoking command in '/home/starchdev/ros2_ws/build/my_cpp_pkg': CMAKE_PREFIX_PATH=${CMAKE_PREFIX_PATH}:/home/starchdev/ros2_ws/install/my_py_pkg:/opt/ros/jazzy DEBUGINFOD_URLS=https://debuginfod.ubuntu.com /usr/bin/cmake --install /home/starchdev/ros2_ws/build/my_cpp_pkg
[0.539s] -- Install configuration: ""
[0.539s] -- Up-to-date: /home/starchdev/ros2_ws/install/my_cpp_pkg/share/ament_index/resource_index/package_run_dependencies/my_cpp_pkg
[0.540s] -- Up-to-date: /home/starchdev/ros2_ws/install/my_cpp_pkg/share/ament_index/resource_index/parent_prefix_path/my_cpp_pkg
[0.540s] -- Up-to-date: /home/starchdev/ros2_ws/install/my_cpp_pkg/share/my_cpp_pkg/environment/ament_prefix_path.sh
[0.541s] -- Up-to-date: /home/starchdev/ros2_ws/install/my_cpp_pkg/share/my_cpp_pkg/environment/ament_prefix_path.dsv
[0.541s] -- Up-to-date: /home/starchdev/ros2_ws/install/my_cpp_pkg/share/my_cpp_pkg/environment/path.sh
[0.542s] -- Up-to-date: /home/starchdev/ros2_ws/install/my_cpp_pkg/share/my_cpp_pkg/environment/path.dsv
[0.542s] -- Up-to-date: /home/starchdev/ros2_ws/install/my_cpp_pkg/share/my_cpp_pkg/local_setup.bash
[0.542s] -- Up-to-date: /home/starchdev/ros2_ws/install/my_cpp_pkg/share/my_cpp_pkg/local_setup.sh
[0.543s] -- Up-to-date: /home/starchdev/ros2_ws/install/my_cpp_pkg/share/my_cpp_pkg/local_setup.zsh
[0.543s] -- Up-to-date: /home/starchdev/ros2_ws/install/my_cpp_pkg/share/my_cpp_pkg/local_setup.dsv
[0.543s] -- Installing: /home/starchdev/ros2_ws/install/my_cpp_pkg/share/my_cpp_pkg/package.dsv
[0.545s] -- Up-to-date: /home/starchdev/ros2_ws/install/my_cpp_pkg/share/ament_index/resource_index/packages/my_cpp_pkg
[0.545s] -- Up-to-date: /home/starchdev/ros2_ws/install/my_cpp_pkg/share/my_cpp_pkg/cmake/my_cpp_pkgConfig.cmake
[0.545s] -- Up-to-date: /home/starchdev/ros2_ws/install/my_cpp_pkg/share/my_cpp_pkg/cmake/my_cpp_pkgConfig-version.cmake
[0.545s] -- Up-to-date: /home/starchdev/ros2_ws/install/my_cpp_pkg/share/my_cpp_pkg/package.xml
[0.548s] Invoked command in '/home/starchdev/ros2_ws/build/my_cpp_pkg' returned '0': CMAKE_PREFIX_PATH=${CMAKE_PREFIX_PATH}:/home/starchdev/ros2_ws/install/my_py_pkg:/opt/ros/jazzy DEBUGINFOD_URLS=https://debuginfod.ubuntu.com /usr/bin/cmake --install /home/starchdev/ros2_ws/build/my_cpp_pkg
