[0.018s] Invoking command in '/home/starchdev/ros2_ws/build/my_cpp_pkg': CMAKE_PREFIX_PATH=${CMAKE_PREFIX_PATH}:/home/starchdev/ros2_ws/install/my_py_pkg:/opt/ros/jazzy DEBUGINFOD_URLS=https://debuginfod.ubuntu.com /usr/bin/cmake --build /home/starchdev/ros2_ws/build/my_cpp_pkg -- -j2 -l2
[0.078s] -- Found ament_cmake: 2.5.4 (/opt/ros/jazzy/share/ament_cmake/cmake)
[0.493s] -- Found rclcpp: 28.1.10 (/opt/ros/jazzy/share/rclcpp/cmake)
[0.555s] -- Found rosidl_generator_c: 4.6.5 (/opt/ros/jazzy/share/rosidl_generator_c/cmake)
[0.576s] -- Found rosidl_generator_cpp: 4.6.5 (/opt/ros/jazzy/share/rosidl_generator_cpp/cmake)
[0.607s] -- Using all available rosidl_typesupport_c: rosidl_typesupport_fastrtps_c;rosidl_typesupport_introspection_c
[0.638s] -- Using all available rosidl_typesupport_cpp: rosidl_typesupport_fastrtps_cpp;rosidl_typesupport_introspection_cpp
[0.782s] -- Found rmw_implementation_cmake: 7.3.2 (/opt/ros/jazzy/share/rmw_implementation_cmake/cmake)
[0.785s] -- Found rmw_fastrtps_cpp: 8.4.2 (/opt/ros/jazzy/share/rmw_fastrtps_cpp/cmake)
[0.919s] -- Using RMW implementation 'rmw_fastrtps_cpp' as default
[1.060s] -- Found example_interfaces: 0.12.0 (/opt/ros/jazzy/share/example_interfaces/cmake)
[1.365s] -- Configuring done (1.3s)
[1.404s] -- Generating done (0.0s)
[1.418s] -- Build files have been written to: /home/starchdev/ros2_ws/build/my_cpp_pkg
[1.500s] [ 66%] Built target number_publisher
[1.501s] [ 66%] Built target test_node
[1.539s] [ 83%] [32mBuilding CXX object CMakeFiles/number_counter.dir/src/number_counter.cpp.o[0m
[16.070s] [100%] [32m[1mLinking CXX executable number_counter[0m
[16.925s] [100%] Built target number_counter
[16.947s] Invoked command in '/home/starchdev/ros2_ws/build/my_cpp_pkg' returned '0': CMAKE_PREFIX_PATH=${CMAKE_PREFIX_PATH}:/home/starchdev/ros2_ws/install/my_py_pkg:/opt/ros/jazzy DEBUGINFOD_URLS=https://debuginfod.ubuntu.com /usr/bin/cmake --build /home/starchdev/ros2_ws/build/my_cpp_pkg -- -j2 -l2
[16.966s] Invoking command in '/home/starchdev/ros2_ws/build/my_cpp_pkg': CMAKE_PREFIX_PATH=${CMAKE_PREFIX_PATH}:/home/starchdev/ros2_ws/install/my_py_pkg:/opt/ros/jazzy DEBUGINFOD_URLS=https://debuginfod.ubuntu.com /usr/bin/cmake --install /home/starchdev/ros2_ws/build/my_cpp_pkg
[16.983s] -- Install configuration: ""
[16.983s] -- Up-to-date: /home/starchdev/ros2_ws/install/my_cpp_pkg/lib/my_cpp_pkg/test_node
[16.984s] -- Up-to-date: /home/starchdev/ros2_ws/install/my_cpp_pkg/lib/my_cpp_pkg/number_publisher
[16.984s] -- Installing: /home/starchdev/ros2_ws/install/my_cpp_pkg/lib/my_cpp_pkg/number_counter
[16.994s] -- Set non-toolchain portion of runtime path of "/home/starchdev/ros2_ws/install/my_cpp_pkg/lib/my_cpp_pkg/number_counter" to ""
[16.994s] -- Up-to-date: /home/starchdev/ros2_ws/install/my_cpp_pkg/share/ament_index/resource_index/package_run_dependencies/my_cpp_pkg
[16.994s] -- Up-to-date: /home/starchdev/ros2_ws/install/my_cpp_pkg/share/ament_index/resource_index/parent_prefix_path/my_cpp_pkg
[16.994s] -- Up-to-date: /home/starchdev/ros2_ws/install/my_cpp_pkg/share/my_cpp_pkg/environment/ament_prefix_path.sh
[16.995s] -- Up-to-date: /home/starchdev/ros2_ws/install/my_cpp_pkg/share/my_cpp_pkg/environment/ament_prefix_path.dsv
[16.995s] -- Up-to-date: /home/starchdev/ros2_ws/install/my_cpp_pkg/share/my_cpp_pkg/environment/path.sh
[16.995s] -- Up-to-date: /home/starchdev/ros2_ws/install/my_cpp_pkg/share/my_cpp_pkg/environment/path.dsv
[16.995s] -- Up-to-date: /home/starchdev/ros2_ws/install/my_cpp_pkg/share/my_cpp_pkg/local_setup.bash
[16.995s] -- Up-to-date: /home/starchdev/ros2_ws/install/my_cpp_pkg/share/my_cpp_pkg/local_setup.sh
[16.996s] -- Up-to-date: /home/starchdev/ros2_ws/install/my_cpp_pkg/share/my_cpp_pkg/local_setup.zsh
[16.996s] -- Up-to-date: /home/starchdev/ros2_ws/install/my_cpp_pkg/share/my_cpp_pkg/local_setup.dsv
[16.996s] -- Installing: /home/starchdev/ros2_ws/install/my_cpp_pkg/share/my_cpp_pkg/package.dsv
[16.996s] -- Up-to-date: /home/starchdev/ros2_ws/install/my_cpp_pkg/share/ament_index/resource_index/packages/my_cpp_pkg
[16.996s] -- Up-to-date: /home/starchdev/ros2_ws/install/my_cpp_pkg/share/my_cpp_pkg/cmake/my_cpp_pkgConfig.cmake
[16.996s] -- Up-to-date: /home/starchdev/ros2_ws/install/my_cpp_pkg/share/my_cpp_pkg/cmake/my_cpp_pkgConfig-version.cmake
[16.997s] -- Up-to-date: /home/starchdev/ros2_ws/install/my_cpp_pkg/share/my_cpp_pkg/package.xml
[16.998s] Invoked command in '/home/starchdev/ros2_ws/build/my_cpp_pkg' returned '0': CMAKE_PREFIX_PATH=${CMAKE_PREFIX_PATH}:/home/starchdev/ros2_ws/install/my_py_pkg:/opt/ros/jazzy DEBUGINFOD_URLS=https://debuginfod.ubuntu.com /usr/bin/cmake --install /home/starchdev/ros2_ws/build/my_cpp_pkg
