-- Found ament_cmake: 2.5.4 (/opt/ros/jazzy/share/ament_cmake/cmake)
-- Found rclcpp: 28.1.10 (/opt/ros/jazzy/share/rclcpp/cmake)
-- Found rosidl_generator_c: 4.6.5 (/opt/ros/jazzy/share/rosidl_generator_c/cmake)
-- Found rosidl_generator_cpp: 4.6.5 (/opt/ros/jazzy/share/rosidl_generator_cpp/cmake)
-- Using all available rosidl_typesupport_c: rosidl_typesupport_fastrtps_c;rosidl_typesupport_introspection_c
-- Using all available rosidl_typesupport_cpp: rosidl_typesupport_fastrtps_cpp;rosidl_typesupport_introspection_cpp
-- Found rmw_implementation_cmake: 7.3.2 (/opt/ros/jazzy/share/rmw_implementation_cmake/cmake)
-- Found rmw_fastrtps_cpp: 8.4.2 (/opt/ros/jazzy/share/rmw_fastrtps_cpp/cmake)
-- Using RMW implementation 'rmw_fastrtps_cpp' as default
-- Found example_interfaces: 0.12.0 (/opt/ros/jazzy/share/example_interfaces/cmake)
-- Configuring done (1.4s)
-- Generating done (0.0s)
-- Build files have been written to: /home/starchdev/ros2_ws/build/my_cpp_pkg
[ 25%] [32mBuilding CXX object CMakeFiles/number_publisher.dir/src/number_publisher.cpp.o[0m
[ 50%] [32mBuilding CXX object CMakeFiles/test_node.dir/src/first_node.cpp.o[0m
[ 75%] [32m[1mLinking CXX executable test_node[0m
[ 75%] Built target test_node
[100%] [32m[1mLinking CXX executable number_publisher[0m
[100%] Built target number_publisher
-- Install configuration: ""
-- Installing: /home/starchdev/ros2_ws/install/my_cpp_pkg/lib/my_cpp_pkg/test_node
-- Set non-toolchain portion of runtime path of "/home/starchdev/ros2_ws/install/my_cpp_pkg/lib/my_cpp_pkg/test_node" to ""
-- Installing: /home/starchdev/ros2_ws/install/my_cpp_pkg/lib/my_cpp_pkg/number_publisher
-- Set non-toolchain portion of runtime path of "/home/starchdev/ros2_ws/install/my_cpp_pkg/lib/my_cpp_pkg/number_publisher" to ""
-- Installing: /home/starchdev/ros2_ws/install/my_cpp_pkg/share/ament_index/resource_index/package_run_dependencies/my_cpp_pkg
-- Up-to-date: /home/starchdev/ros2_ws/install/my_cpp_pkg/share/ament_index/resource_index/parent_prefix_path/my_cpp_pkg
-- Up-to-date: /home/starchdev/ros2_ws/install/my_cpp_pkg/share/my_cpp_pkg/environment/ament_prefix_path.sh
-- Up-to-date: /home/starchdev/ros2_ws/install/my_cpp_pkg/share/my_cpp_pkg/environment/ament_prefix_path.dsv
-- Up-to-date: /home/starchdev/ros2_ws/install/my_cpp_pkg/share/my_cpp_pkg/environment/path.sh
-- Up-to-date: /home/starchdev/ros2_ws/install/my_cpp_pkg/share/my_cpp_pkg/environment/path.dsv
-- Up-to-date: /home/starchdev/ros2_ws/install/my_cpp_pkg/share/my_cpp_pkg/local_setup.bash
-- Up-to-date: /home/starchdev/ros2_ws/install/my_cpp_pkg/share/my_cpp_pkg/local_setup.sh
-- Up-to-date: /home/starchdev/ros2_ws/install/my_cpp_pkg/share/my_cpp_pkg/local_setup.zsh
-- Up-to-date: /home/starchdev/ros2_ws/install/my_cpp_pkg/share/my_cpp_pkg/local_setup.dsv
-- Installing: /home/starchdev/ros2_ws/install/my_cpp_pkg/share/my_cpp_pkg/package.dsv
-- Up-to-date: /home/starchdev/ros2_ws/install/my_cpp_pkg/share/ament_index/resource_index/packages/my_cpp_pkg
-- Up-to-date: /home/starchdev/ros2_ws/install/my_cpp_pkg/share/my_cpp_pkg/cmake/my_cpp_pkgConfig.cmake
-- Up-to-date: /home/starchdev/ros2_ws/install/my_cpp_pkg/share/my_cpp_pkg/cmake/my_cpp_pkgConfig-version.cmake
-- Installing: /home/starchdev/ros2_ws/install/my_cpp_pkg/share/my_cpp_pkg/package.xml
